<?xml version="1.0" encoding="UTF-8"?>
<!-- Generated by org.testng.reporters.JUnitReportReporter -->
<testsuite hostname="DESKTOP-8AAMQJJ" name="com.automation.demo.simple_demo.AppTest1" tests="2" failures="0" timestamp="14 Apr 2018 00:53:11 GMT" time="2.417" errors="0">
  <testcase name="doSearch" time="2.405" classname="com.automation.demo.simple_demo.AppTest1"/>
  <testcase name="verifyPageTitle" time="0.012" classname="com.automation.demo.simple_demo.AppTest1"/>
</testsuite> <!-- com.automation.demo.simple_demo.AppTest1 -->
