<?xml version="1.0" encoding="UTF-8"?>
<!-- Generated by org.testng.reporters.JUnitReportReporter -->
<testsuite hostname="DESKTOP-8AAMQJJ" name="com.automation.demo.simple_demo.GoogleSearchTest" tests="2" failures="0" timestamp="8 May 2018 14:43:24 GMT" time="2.143" errors="0">
  <testcase name="verifySearchWorks" time="2.137" classname="com.automation.demo.simple_demo.GoogleSearchTest"/>
  <testcase name="verifyGooglePageTitle" time="0.006" classname="com.automation.demo.simple_demo.GoogleSearchTest"/>
</testsuite> <!-- com.automation.demo.simple_demo.GoogleSearchTest -->
