<?xml version="1.0" encoding="UTF-8"?>
<!-- Generated by org.testng.reporters.JUnitReportReporter -->
<testsuite hostname="DESKTOP-8AAMQJJ" name="com.automation.demo.simple_demo.GoogleSearchTest" tests="2" failures="0" timestamp="14 Apr 2018 16:28:39 GMT" time="2.620" errors="0">
  <testcase name="verifySearchWorks" time="2.600" classname="com.automation.demo.simple_demo.GoogleSearchTest"/>
  <testcase name="verifyGooglePageTitle" time="0.020" classname="com.automation.demo.simple_demo.GoogleSearchTest"/>
</testsuite> <!-- com.automation.demo.simple_demo.GoogleSearchTest -->
